c:\users\c4607\onedrive\desktop\wafer_without_bun\shootingstar-for-gsd\sho\sho\x64\debug\vc142.pdb
c:\users\c4607\onedrive\desktop\wafer_without_bun\shootingstar-for-gsd\sho\sho\x64\debug\vc142.idb
c:\users\c4607\onedrive\desktop\wafer_without_bun\shootingstar-for-gsd\sho\sho\x64\debug\zigzag.obj
c:\users\c4607\onedrive\desktop\wafer_without_bun\shootingstar-for-gsd\sho\sho\x64\debug\temp.obj
c:\users\c4607\onedrive\desktop\wafer_without_bun\shootingstar-for-gsd\sho\sho\x64\debug\sdl_rectf.obj
c:\users\c4607\onedrive\desktop\wafer_without_bun\shootingstar-for-gsd\sho\sho\x64\debug\player.obj
c:\users\c4607\onedrive\desktop\wafer_without_bun\shootingstar-for-gsd\sho\sho\x64\debug\manager.obj
c:\users\c4607\onedrive\desktop\wafer_without_bun\shootingstar-for-gsd\sho\sho\x64\debug\enemy_type.obj
c:\users\c4607\onedrive\desktop\wafer_without_bun\shootingstar-for-gsd\sho\sho\x64\debug\enemy.obj
c:\users\c4607\onedrive\desktop\wafer_without_bun\shootingstar-for-gsd\sho\sho\x64\debug\bulletvectorcalculator.obj
c:\users\c4607\onedrive\desktop\wafer_without_bun\shootingstar-for-gsd\sho\sho\x64\debug\basic_enemy.obj
c:\users\c4607\onedrive\desktop\wafer_without_bun\shootingstar-for-gsd\sho\x64\debug\sho.exe
c:\users\c4607\onedrive\desktop\wafer_without_bun\shootingstar-for-gsd\sho\sho\x64\debug\sho.ilk
c:\users\c4607\onedrive\desktop\wafer_without_bun\shootingstar-for-gsd\sho\x64\debug\sho.pdb
c:\users\c4607\onedrive\desktop\wafer_without_bun\shootingstar-for-gsd\sho\sho\x64\debug\sho.tlog\cl.command.1.tlog
c:\users\c4607\onedrive\desktop\wafer_without_bun\shootingstar-for-gsd\sho\sho\x64\debug\sho.tlog\cl.read.1.tlog
c:\users\c4607\onedrive\desktop\wafer_without_bun\shootingstar-for-gsd\sho\sho\x64\debug\sho.tlog\cl.write.1.tlog
c:\users\c4607\onedrive\desktop\wafer_without_bun\shootingstar-for-gsd\sho\sho\x64\debug\sho.tlog\link.command.1.tlog
c:\users\c4607\onedrive\desktop\wafer_without_bun\shootingstar-for-gsd\sho\sho\x64\debug\sho.tlog\link.read.1.tlog
c:\users\c4607\onedrive\desktop\wafer_without_bun\shootingstar-for-gsd\sho\sho\x64\debug\sho.tlog\link.write.1.tlog
