  Manager.cpp
C:\Users\babam\Documents\GitHub\Shootingstar-for-GSD\sho\sho\enemy_type.h(6,18): warning C4099: 'SDL_Texture': 처음에는 'struct'을(를) 사용하여 형식 이름을 표시했는데 이제는 'class'을(를) 사용하여 표시합니다.
C:\Users\babam\Documents\GitHub\Shootingstar-for-GSD\sho\3rdparty\SDL2-2.24.0\include\SDL_render.h(148): message : 'SDL_Texture' 선언을 참조하십시오.
C:\Users\babam\Documents\GitHub\Shootingstar-for-GSD\sho\sho\basic_enemy.h(8,19): warning C4099: 'SDL_Renderer': 처음에는 'struct'을(를) 사용하여 형식 이름을 표시했는데 이제는 'class'을(를) 사용하여 표시합니다.
C:\Users\babam\Documents\GitHub\Shootingstar-for-GSD\sho\3rdparty\SDL2-2.24.0\include\SDL_render.h(142): message : 'SDL_Renderer' 선언을 참조하십시오.
C:\Users\babam\Documents\GitHub\Shootingstar-for-GSD\sho\sho\basic_enemy.h(17,2): warning C4091: 'static ': 변수를 선언하지 않으면 'basic' 왼쪽은 무시됩니다.
C:\Users\babam\Documents\GitHub\Shootingstar-for-GSD\sho\sho\zigzag.h(8,19): warning C4099: 'SDL_Renderer': 처음에는 'struct'을(를) 사용하여 형식 이름을 표시했는데 이제는 'class'을(를) 사용하여 표시합니다.
C:\Users\babam\Documents\GitHub\Shootingstar-for-GSD\sho\sho\basic_enemy.h(8): message : 'SDL_Renderer' 선언을 참조하십시오.
C:\Users\babam\Documents\GitHub\Shootingstar-for-GSD\sho\sho\zigzag.h(18,2): warning C4091: 'static ': 변수를 선언하지 않으면 'zigzag' 왼쪽은 무시됩니다.
C:\Users\babam\Documents\GitHub\Shootingstar-for-GSD\sho\sho\middle1.h(8,19): warning C4099: 'SDL_Renderer': 처음에는 'struct'을(를) 사용하여 형식 이름을 표시했는데 이제는 'class'을(를) 사용하여 표시합니다.
C:\Users\babam\Documents\GitHub\Shootingstar-for-GSD\sho\sho\zigzag.h(8): message : 'SDL_Renderer' 선언을 참조하십시오.
C:\Users\babam\Documents\GitHub\Shootingstar-for-GSD\sho\sho\middle1.h(18,2): warning C4091: 'static ': 변수를 선언하지 않으면 'middle1' 왼쪽은 무시됩니다.
C:\Users\babam\Documents\GitHub\Shootingstar-for-GSD\sho\sho\Stage_Reader.h(1,10): warning C4067: 전처리기 지시문 다음에 예기치 않은 토큰이 있습니다. 줄 바꿈 문자가 필요합니다.
C:\Users\babam\Documents\GitHub\Shootingstar-for-GSD\sho\sho\Manager.cpp(109,32): warning C4267: '=': 'size_t'에서 'int'(으)로 변환하면서 데이터가 손실될 수 있습니다.
C:\Users\babam\Documents\GitHub\Shootingstar-for-GSD\sho\sho\Manager.cpp(115,33): warning C4267: '=': 'size_t'에서 'int'(으)로 변환하면서 데이터가 손실될 수 있습니다.
C:\Users\babam\Documents\GitHub\Shootingstar-for-GSD\sho\sho\Manager.cpp(122,28): warning C4267: '=': 'size_t'에서 'int'(으)로 변환하면서 데이터가 손실될 수 있습니다.
C:\Users\babam\Documents\GitHub\Shootingstar-for-GSD\sho\sho\Manager.cpp(130,28): warning C4267: '=': 'size_t'에서 'int'(으)로 변환하면서 데이터가 손실될 수 있습니다.
C:\Users\babam\Documents\GitHub\Shootingstar-for-GSD\sho\sho\Manager.cpp(164,28): warning C4267: '=': 'size_t'에서 'int'(으)로 변환하면서 데이터가 손실될 수 있습니다.
C:\Users\babam\Documents\GitHub\Shootingstar-for-GSD\sho\sho\Manager.cpp(166,23): warning C4244: '=': 'float'에서 'int'(으)로 변환하면서 데이터가 손실될 수 있습니다.
C:\Users\babam\Documents\GitHub\Shootingstar-for-GSD\sho\sho\Manager.cpp(167,23): warning C4244: '=': 'float'에서 'int'(으)로 변환하면서 데이터가 손실될 수 있습니다.
C:\Users\babam\Documents\GitHub\Shootingstar-for-GSD\sho\sho\Manager.cpp(168,23): warning C4244: '=': 'float'에서 'int'(으)로 변환하면서 데이터가 손실될 수 있습니다.
C:\Users\babam\Documents\GitHub\Shootingstar-for-GSD\sho\sho\Manager.cpp(169,23): warning C4244: '=': 'float'에서 'int'(으)로 변환하면서 데이터가 손실될 수 있습니다.
C:\Users\babam\Documents\GitHub\Shootingstar-for-GSD\sho\sho\Manager.cpp(173,32): warning C4267: '=': 'size_t'에서 'int'(으)로 변환하면서 데이터가 손실될 수 있습니다.
C:\Users\babam\Documents\GitHub\Shootingstar-for-GSD\sho\sho\Manager.cpp(175,23): warning C4244: '=': 'float'에서 'int'(으)로 변환하면서 데이터가 손실될 수 있습니다.
C:\Users\babam\Documents\GitHub\Shootingstar-for-GSD\sho\sho\Manager.cpp(176,23): warning C4244: '=': 'float'에서 'int'(으)로 변환하면서 데이터가 손실될 수 있습니다.
C:\Users\babam\Documents\GitHub\Shootingstar-for-GSD\sho\sho\Manager.cpp(177,23): warning C4244: '=': 'float'에서 'int'(으)로 변환하면서 데이터가 손실될 수 있습니다.
C:\Users\babam\Documents\GitHub\Shootingstar-for-GSD\sho\sho\Manager.cpp(178,23): warning C4244: '=': 'float'에서 'int'(으)로 변환하면서 데이터가 손실될 수 있습니다.
C:\Users\babam\Documents\GitHub\Shootingstar-for-GSD\sho\sho\Manager.cpp(182,33): warning C4267: '=': 'size_t'에서 'int'(으)로 변환하면서 데이터가 손실될 수 있습니다.
C:\Users\babam\Documents\GitHub\Shootingstar-for-GSD\sho\sho\Manager.cpp(184,23): warning C4244: '=': 'float'에서 'int'(으)로 변환하면서 데이터가 손실될 수 있습니다.
C:\Users\babam\Documents\GitHub\Shootingstar-for-GSD\sho\sho\Manager.cpp(185,23): warning C4244: '=': 'float'에서 'int'(으)로 변환하면서 데이터가 손실될 수 있습니다.
C:\Users\babam\Documents\GitHub\Shootingstar-for-GSD\sho\sho\Manager.cpp(186,23): warning C4244: '=': 'float'에서 'int'(으)로 변환하면서 데이터가 손실될 수 있습니다.
C:\Users\babam\Documents\GitHub\Shootingstar-for-GSD\sho\sho\Manager.cpp(187,23): warning C4244: '=': 'float'에서 'int'(으)로 변환하면서 데이터가 손실될 수 있습니다.
C:\Users\babam\Documents\GitHub\Shootingstar-for-GSD\sho\sho\Manager.cpp(191,28): warning C4267: '=': 'size_t'에서 'int'(으)로 변환하면서 데이터가 손실될 수 있습니다.
C:\Users\babam\Documents\GitHub\Shootingstar-for-GSD\sho\sho\Manager.cpp(193,23): warning C4244: '=': 'float'에서 'int'(으)로 변환하면서 데이터가 손실될 수 있습니다.
C:\Users\babam\Documents\GitHub\Shootingstar-for-GSD\sho\sho\Manager.cpp(194,23): warning C4244: '=': 'float'에서 'int'(으)로 변환하면서 데이터가 손실될 수 있습니다.
C:\Users\babam\Documents\GitHub\Shootingstar-for-GSD\sho\sho\Manager.cpp(195,23): warning C4244: '=': 'float'에서 'int'(으)로 변환하면서 데이터가 손실될 수 있습니다.
C:\Users\babam\Documents\GitHub\Shootingstar-for-GSD\sho\sho\Manager.cpp(196,23): warning C4244: '=': 'float'에서 'int'(으)로 변환하면서 데이터가 손실될 수 있습니다.
C:\Users\babam\Documents\GitHub\Shootingstar-for-GSD\sho\sho\Manager.cpp(200,19): warning C4244: '=': 'float'에서 'int'(으)로 변환하면서 데이터가 손실될 수 있습니다.
C:\Users\babam\Documents\GitHub\Shootingstar-for-GSD\sho\sho\Manager.cpp(201,19): warning C4244: '=': 'float'에서 'int'(으)로 변환하면서 데이터가 손실될 수 있습니다.
C:\Users\babam\Documents\GitHub\Shootingstar-for-GSD\sho\sho\Manager.cpp(202,19): warning C4244: '=': 'float'에서 'int'(으)로 변환하면서 데이터가 손실될 수 있습니다.
C:\Users\babam\Documents\GitHub\Shootingstar-for-GSD\sho\sho\Manager.cpp(203,19): warning C4244: '=': 'float'에서 'int'(으)로 변환하면서 데이터가 손실될 수 있습니다.
C:\Users\babam\Documents\GitHub\Shootingstar-for-GSD\sho\sho\Manager.cpp(290,52): warning C4244: '=': 'unsigned int'에서 'float'(으)로 변환하면서 데이터가 손실될 수 있습니다.
C:\Users\babam\Documents\GitHub\Shootingstar-for-GSD\sho\sho\Manager.cpp(357,36): warning C4267: '=': 'size_t'에서 'int'(으)로 변환하면서 데이터가 손실될 수 있습니다.
C:\Users\babam\Documents\GitHub\Shootingstar-for-GSD\sho\sho\Manager.cpp(369,41): warning C4267: '=': 'size_t'에서 'int'(으)로 변환하면서 데이터가 손실될 수 있습니다.
C:\Users\babam\Documents\GitHub\Shootingstar-for-GSD\sho\sho\Manager.cpp(370,37): warning C4267: '=': 'size_t'에서 'int'(으)로 변환하면서 데이터가 손실될 수 있습니다.
C:\Users\babam\Documents\GitHub\Shootingstar-for-GSD\sho\sho\Manager.cpp(392,40): warning C4267: '=': 'size_t'에서 'int'(으)로 변환하면서 데이터가 손실될 수 있습니다.
C:\Users\babam\Documents\GitHub\Shootingstar-for-GSD\sho\sho\Manager.cpp(407,36): warning C4267: '=': 'size_t'에서 'int'(으)로 변환하면서 데이터가 손실될 수 있습니다.
C:\Users\babam\Documents\GitHub\Shootingstar-for-GSD\sho\sho\Manager.cpp(421,34): warning C4018: '>': signed 또는 unsigned가 일치하지 않습니다.
C:\Users\babam\Documents\GitHub\Shootingstar-for-GSD\sho\sho\Manager.cpp(426,68): warning C4244: '인수': 'int'에서 'float'(으)로 변환하면서 데이터가 손실될 수 있습니다.
C:\Users\babam\Documents\GitHub\Shootingstar-for-GSD\sho\sho\Manager.cpp(425,68): warning C4244: '인수': 'int'에서 'float'(으)로 변환하면서 데이터가 손실될 수 있습니다.
C:\Users\babam\Documents\GitHub\Shootingstar-for-GSD\sho\sho\Manager.cpp(424,68): warning C4244: '인수': 'int'에서 'float'(으)로 변환하면서 데이터가 손실될 수 있습니다.
C:\Users\babam\Documents\GitHub\Shootingstar-for-GSD\sho\sho\Manager.cpp(423,68): warning C4244: '인수': 'int'에서 'float'(으)로 변환하면서 데이터가 손실될 수 있습니다.
  SDL_Rectf.h
  middle1.cpp
C:\Users\babam\Documents\GitHub\Shootingstar-for-GSD\sho\3rdparty\SDL2-2.24.0\include\SDL_render.h(147,19): warning C4099: 'SDL_Texture': 처음에는 'class'을(를) 사용하여 형식 이름을 표시했는데 이제는 'struct'을(를) 사용하여 표시합니다.
C:\Users\babam\Documents\GitHub\Shootingstar-for-GSD\sho\sho\enemy_type.h(6): message : 'SDL_Texture' 선언을 참조하십시오.
C:\Users\babam\Documents\GitHub\Shootingstar-for-GSD\sho\3rdparty\SDL2-2.24.0\include\SDL_render.h(148,39): warning C4099: 'SDL_Texture': 처음에는 'class'을(를) 사용하여 형식 이름을 표시했는데 이제는 'struct'을(를) 사용하여 표시합니다.
C:\Users\babam\Documents\GitHub\Shootingstar-for-GSD\sho\3rdparty\SDL2-2.24.0\include\SDL_render.h(147): message : 'SDL_Texture' 선언을 참조하십시오.
C:\Users\babam\Documents\GitHub\Shootingstar-for-GSD\sho\sho\middle1.h(8,19): warning C4099: 'SDL_Renderer': 처음에는 'struct'을(를) 사용하여 형식 이름을 표시했는데 이제는 'class'을(를) 사용하여 표시합니다.
C:\Users\babam\Documents\GitHub\Shootingstar-for-GSD\sho\3rdparty\SDL2-2.24.0\include\SDL_render.h(142): message : 'SDL_Renderer' 선언을 참조하십시오.
C:\Users\babam\Documents\GitHub\Shootingstar-for-GSD\sho\sho\middle1.h(18,2): warning C4091: 'static ': 변수를 선언하지 않으면 'middle1' 왼쪽은 무시됩니다.
C:\Users\babam\Documents\GitHub\Shootingstar-for-GSD\sho\sho\basic_enemy.h(8,19): warning C4099: 'SDL_Renderer': 처음에는 'struct'을(를) 사용하여 형식 이름을 표시했는데 이제는 'class'을(를) 사용하여 표시합니다.
C:\Users\babam\Documents\GitHub\Shootingstar-for-GSD\sho\sho\middle1.h(8): message : 'SDL_Renderer' 선언을 참조하십시오.
C:\Users\babam\Documents\GitHub\Shootingstar-for-GSD\sho\sho\basic_enemy.h(17,2): warning C4091: 'static ': 변수를 선언하지 않으면 'basic' 왼쪽은 무시됩니다.
  player.cpp
  코드를 생성하고 있습니다...
  sho.vcxproj -> C:\Users\babam\Documents\GitHub\Shootingstar-for-GSD\sho\x64\Debug\sho.exe
